
ROM used:   122/32768 (0%)
            122/32768 (0%) including unused fragments

            0.1 Average locations per line
            13.6 Average locations per statement

RAM used:   5/2048 (0%) at main() level
            6/2048 (0%) worst case

Stack used: 0 worst case (0 in main + 0 for interrupts)
Stack size: 31

Lines Stmts  %   Files
----- ----- ---  -----
   33     9 100  ADC.c
  837     0   0  ..\..\..\..\..\..\..\Program Files (x86)\PICC\Devices\18F4550.H
----- -----
  870     9 Total

Page ROM  %  RAM    Vol Diff  Functions:
---- --- --- ---    --- ----  ----------
0     42  17    1             @delay_ms1
0     76  31    0    163  2.2  main
 Inline         0             @cinit1

Program metrics:
    Functions               1
    Statements              9
    Comments                155
    Volume (V)              167
    Difficulty (D)          2.0
    Effort to implement (E) 334
    Time to implement (T)   0 minutes
    Est Delivered Bugs (B)  0
    Cyclomatic Complexity   1
    Maintainability (MI)    130

 Segment     Used  Free
-----------  ----  ----
00000-00002     4  0  
00004-07FFE   118  32646  



