
ROM used:   76/32768 (0%)
            76/32768 (0%) including unused fragments

            0.1 Average locations per line
            9.5 Average locations per statement

RAM used:   5/2048 (0%) at main() level
            5/2048 (0%) worst case

Stack used: 0 worst case (0 in main + 0 for interrupts)
Stack size: 31

Lines Stmts  %   Files
----- ----- ---  -----
   28     8 100  blue-blink.c
  837     0   0  ..\..\..\..\..\..\..\Program Files (x86)\PICC\Devices\18f4550.h
----- -----
  865     8 Total

Page ROM  %  RAM    Vol Diff  Functions:
---- --- --- ---    --- ----  ----------
0     72  47    1    183  3.1  main
 Inline         0             @cinit1

Program metrics:
    Functions               1
    Statements              8
    Comments                157
    Volume (V)              185
    Difficulty (D)          3.0
    Effort to implement (E) 552
    Time to implement (T)   1 minutes
    Est Delivered Bugs (B)  0
    Cyclomatic Complexity   2
    Maintainability (MI)    136

 Segment     Used  Free
-----------  ----  ----
00000-00002     4  0  
00004-07FFE    72  32692  



