
ROM used:   104/32768 (0%)
            108/32768 (0%) including unused fragments

            0.1 Average locations per line
            13.0 Average locations per statement

RAM used:   5/2048 (0%) at main() level
            6/2048 (0%) worst case

Stack used: 1 worst case (1 in main + 0 for interrupts)
Stack size: 31

Lines Stmts  %   Files
----- ----- ---  -----
   25     8 100  GPIO_OUT.c
  837     0   0  ..\..\..\..\..\..\..\Program Files (x86)\PICC\Devices\18F4550.H
   44     0   0  ..\..\..\..\..\..\..\Program Files (x86)\PICC\Devices\bootloader.h
----- -----
  906     8 Total

Page ROM  %  RAM    Vol Diff  Functions:
---- --- --- ---    --- ----  ----------
0     40  19    1             @delay_ms1
0     60  29    1    136  2.2  main
 Inline         0             @cinit1

Program metrics:
    Functions               1
    Statements              8
    Comments                174
    Volume (V)              140
    Difficulty (D)          1.9
    Effort to implement (E) 273
    Time to implement (T)   0 minutes
    Est Delivered Bugs (B)  0
    Cyclomatic Complexity   1
    Maintainability (MI)    161

 Segment     Used  Free
-----------  ----  ----
00000-007FE     0  2048  
00800-00806     4  4  
00808-07FFE   100  30612  



